<?xml version="1.0" encoding="utf-8"?><testsuites name="pytest tests"><testsuite name="pytest" errors="0" failures="0" skipped="0" tests="23" time="5.082" timestamp="2026-09-05T19:05:54.685879+00:00" hostname="agent-env-d1af1ca5-7735-49f0-a5ff-da55a734f749"><testcase classname="tests.production_readiness_test.TestValidation" name="test_missing_customer_name_422" time="0.497" /><testcase classname="tests.production_readiness_test.TestMath" name="test_gst_cement_50_bags" time="0.574" /><testcase classname="tests.production_readiness_test.TestValidation" name="test_empty_items_400" time="0.175" /><testcase classname="tests.production_readiness_test.TestMath" name="test_advance_rounding_33_bags" time="0.443" /><testcase classname="tests.production_readiness_test.TestValidation" name="test_invalid_advance_99" time="0.135" /><testcase classname="tests.production_readiness_test.TestValidation" name="test_track_empty_phone_400" time="0.147" /><testcase classname="tests.production_readiness_test.TestValidation" name="test_unknown_order_code_404" time="0.103" /><testcase classname="tests.production_readiness_test.TestMath" name="test_steel_tmt_2ton_hamali" time="0.127" /><testcase classname="tests.production_readiness_test.TestMath" name="test_sand_no_hamali" time="0.290" /><testcase classname="tests.production_readiness_test.TestValidation" name="test_xss_stored_as_text" time="0.885" /><testcase classname="tests.production_readiness_test.TestAuth" name="test_wrong_password_401" time="0.341" /><testcase classname="tests.production_readiness_test.TestAuth" name="test_no_token_401" time="0.123" /><testcase classname="tests.production_readiness_test.TestAuth" name="test_invalid_token_401" time="0.124" /><testcase classname="tests.production_readiness_test.TestSecurityExposure" name="test_public_products_no_wholesale_or_threshold" time="0.000" /><testcase classname="tests.production_readiness_test.TestSecurityExposure" name="test_admin_products_expose_all" time="0.161" /><testcase classname="tests.production_readiness_test.TestSecurityExposure" name="test_public_settings_no_secrets" time="0.273" /><testcase classname="tests.production_readiness_test.TestStock" name="test_insufficient_stock_409_no_decrement" time="0.764" /><testcase classname="tests.production_readiness_test.TestHamaliOverride" name="test_product_override_wins" time="0.470" /><testcase classname="tests.production_readiness_test.TestStock" name="test_concurrent_orders_only_one_succeeds" time="0.932" /><testcase classname="tests.production_readiness_test.TestWhatsApp" name="test_whatsapp_url_encoded" time="0.433" /><testcase classname="tests.production_readiness_test.TestNoLegacy" name="test_no_meetings" time="0.379" /><testcase classname="tests.production_readiness_test.TestLifecycle" name="test_full_status_flow" time="0.730" /><testcase classname="tests.production_readiness_test.TestPerf" name="test_products_response_time" time="0.127" /></testsuite></testsuites>