<?xml version="1.0" encoding="utf-8"?><testsuites name="pytest tests"><testsuite name="pytest" errors="0" failures="1" skipped="0" tests="24" time="3.604" timestamp="2026-09-05T18:52:10.257731+00:00" hostname="agent-env-d1af1ca5-7735-49f0-a5ff-da55a734f749"><testcase classname="tests.backend_test.TestCartQuote" name="test_50_cement_bags" time="0.405" /><testcase classname="tests.backend_test.TestOrders" name="test_create_order_advance[25]" time="0.275" /><testcase classname="tests.backend_test.TestOrders" name="test_create_order_advance[50]" time="0.124" /><testcase classname="tests.backend_test.TestOrders" name="test_create_order_advance[100]" time="0.119" /><testcase classname="tests.backend_test.TestCartQuote" name="test_insufficient_stock" time="0.192" /><testcase classname="tests.backend_test.TestOrders" name="test_reject_invalid_advance" time="0.157" /><testcase classname="tests.backend_test.TestUpi" name="test_upi_active_returns_enabled" time="0.071" /><testcase classname="tests.backend_test.TestOrders" name="test_reject_delivery_address" time="0.294" /><testcase classname="tests.backend_test.TestOrders" name="test_track_by_phone" time="0.057" /><testcase classname="tests.backend_test.TestUpi" name="test_manual_active_override" time="1.127" /><testcase classname="tests.backend_test.TestOrders" name="test_get_by_order_code_uppercase" time="0.057" /><testcase classname="tests.backend_test.TestCSV" name="test_template" time="0.407" /><testcase classname="tests.backend_test.TestCSV" name="test_bulk_import" time="0.149" /><testcase classname="tests.backend_test.TestStatsSettings" name="test_admin_stats" time="0.100" /><testcase classname="tests.backend_test.TestStatsSettings" name="test_public_settings" time="0.060" /><testcase classname="tests.backend_test.TestAdminCategories" name="test_crud_and_soft_delete" time="0.317" /><testcase classname="tests.backend_test.TestCleanup" name="test_cleanup_test_orders" time="0.609" /><testcase classname="tests.backend_test.TestAdminCategories" name="test_soft_delete_when_products_exist" time="0.374" /><testcase classname="tests.backend_test.TestCleanup" name="test_cleanup_test_products" time="0.231" /><testcase classname="tests.backend_test.TestCategories" name="test_public_categories_seeded" time="0.117" /><testcase classname="tests.backend_test.TestAdminOrderVerify" name="test_admin_verify_flips_status" time="0.001"><failure message="IndexError: list index out of range">backend/tests/backend_test.py:169: in test_admin_verify_flips_status
    order = list(TestOrders._created_order.values())[0]
            ^^^^^^^^^^^^^^^^^^^^^^^^^^^^^^^^^^^^^^^^^^^
E   IndexError: list index out of range</failure></testcase><testcase classname="tests.backend_test.TestNoMeetings" name="test_no_meetings_endpoint" time="0.162" /><testcase classname="tests.backend_test.TestProducts" name="test_products_list_has_hamali_resolved" time="0.061" /><testcase classname="tests.backend_test.TestAdminProducts" name="test_product_hamali_override" time="0.358" /></testsuite></testsuites>